<?xml version="1.0" encoding="UTF-8"?>
<!-- Generated by org.testng.reporters.JUnitReportReporter -->
<testsuite skipped="0" hostname="SMT-LAP-053" name="com.smarteinc.api.tests.MatchBackTest" tests="2" failures="2" timestamp="26 Jan 2020 04:58:28 GMT" time="57.596" errors="0">
  <testcase name="GenericPEAPIMatchBackTestSet1" time="29.218" classname="com.smarteinc.api.tests.MatchBackTest">
    <failure type="java.lang.AssertionError" message="PE API script has failed">
      <![CDATA[java.lang.AssertionError: PE API script has failed
at org.testng.Assert.fail(Assert.java:96)
at com.smarteinc.api.tests.MatchBackTest.GenericPEAPIMatchBackTestSet1(MatchBackTest.java:149)
at sun.reflect.NativeMethodAccessorImpl.invoke0(Native Method)
at sun.reflect.NativeMethodAccessorImpl.invoke(NativeMethodAccessorImpl.java:62)
at sun.reflect.DelegatingMethodAccessorImpl.invoke(DelegatingMethodAccessorImpl.java:43)
at java.lang.reflect.Method.invoke(Method.java:498)
at org.testng.internal.MethodInvocationHelper.invokeMethod(MethodInvocationHelper.java:124)
at org.testng.internal.Invoker.invokeMethod(Invoker.java:583)
at org.testng.internal.Invoker.invokeTestMethod(Invoker.java:719)
at org.testng.internal.Invoker.invokeTestMethods(Invoker.java:989)
at org.testng.internal.TestMethodWorker.invokeTestMethods(TestMethodWorker.java:125)
at org.testng.internal.TestMethodWorker.run(TestMethodWorker.java:109)
at java.util.concurrent.ThreadPoolExecutor.runWorker(ThreadPoolExecutor.java:1149)
at java.util.concurrent.ThreadPoolExecutor$Worker.run(ThreadPoolExecutor.java:624)
at java.lang.Thread.run(Thread.java:748)
]]>
    </failure>
  </testcase> <!-- GenericPEAPIMatchBackTestSet1 -->
  <testcase name="GenericPEAPIMatchBackTestSet2" time="28.378" classname="com.smarteinc.api.tests.MatchBackTest">
    <failure type="java.lang.AssertionError" message="PE API script has failed">
      <![CDATA[java.lang.AssertionError: PE API script has failed
at org.testng.Assert.fail(Assert.java:96)
at com.smarteinc.api.tests.MatchBackTest.GenericPEAPIMatchBackTestSet2(MatchBackTest.java:226)
at sun.reflect.NativeMethodAccessorImpl.invoke0(Native Method)
at sun.reflect.NativeMethodAccessorImpl.invoke(NativeMethodAccessorImpl.java:62)
at sun.reflect.DelegatingMethodAccessorImpl.invoke(DelegatingMethodAccessorImpl.java:43)
at java.lang.reflect.Method.invoke(Method.java:498)
at org.testng.internal.MethodInvocationHelper.invokeMethod(MethodInvocationHelper.java:124)
at org.testng.internal.Invoker.invokeMethod(Invoker.java:583)
at org.testng.internal.Invoker.invokeTestMethod(Invoker.java:719)
at org.testng.internal.Invoker.invokeTestMethods(Invoker.java:989)
at org.testng.internal.TestMethodWorker.invokeTestMethods(TestMethodWorker.java:125)
at org.testng.internal.TestMethodWorker.run(TestMethodWorker.java:109)
at java.util.concurrent.ThreadPoolExecutor.runWorker(ThreadPoolExecutor.java:1149)
at java.util.concurrent.ThreadPoolExecutor$Worker.run(ThreadPoolExecutor.java:624)
at java.lang.Thread.run(Thread.java:748)
]]>
    </failure>
  </testcase> <!-- GenericPEAPIMatchBackTestSet2 -->
</testsuite> <!-- com.smarteinc.api.tests.MatchBackTest -->
